# JRE version: Java(TM) SE Runtime Environment (8.0_144-b01) (build 1.8.0_144-b01)
# Java VM: Java HotSpot(TM) 64-Bit Server VM (25.144-b01 mixed mode bsd-amd64 compressed oops)
Heap:
 PSYoungGen      total 318464K, used 225083K [0x0000000795580000, 0x00000007af780000, 0x00000007c0000000)
  eden space 303616K, 70% used [0x0000000795580000,0x00000007a2688080,0x00000007a7e00000)
  from space 14848K, 74% used [0x00000007a7e00000,0x00000007a88c6ef0,0x00000007a8c80000)
  to   space 15360K, 0% used [0x00000007ae880000,0x00000007ae880000,0x00000007af780000)
 ParOldGen       total 93184K, used 29747K [0x0000000740000000, 0x0000000745b00000, 0x0000000795580000)
  object space 93184K, 31% used [0x0000000740000000,0x0000000741d0cda8,0x0000000745b00000)
 Metaspace       used 46223K, capacity 47346K, committed 47448K, reserved 1089536K
  class space    used 6249K, capacity 6516K, committed 6528K, reserved 1048576K
GC Heap History (10 events):
Event: 25.183 GC heap before
{Heap before GC invocations=11 (full 1):
 PSYoungGen      total 141824K, used 141818K [0x0000000795580000, 0x00000007a3080000, 0x00000007c0000000)
  eden space 133120K, 100% used [0x0000000795580000,0x000000079d780000,0x000000079d780000)
  from space 8704K, 99% used [0x000000079d780000,0x000000079dffea50,0x000000079e000000)
  to   space 10752K, 0% used [0x00000007a2600000,0x00000007a2600000,0x00000007a3080000)
 ParOldGen       total 52224K, used 13632K [0x0000000740000000, 0x0000000743300000, 0x0000000795580000)
  object space 52224K, 26% used [0x0000000740000000,0x0000000740d501c0,0x0000000743300000)
 Metaspace       used 28621K, capacity 29106K, committed 29312K, reserved 1075200K
  class space    used 3755K, capacity 3876K, committed 3968K, reserved 1048576K
Event: 25.204 GC heap after
Heap after GC invocations=11 (full 1):
 PSYoungGen      total 210432K, used 10723K [0x0000000795580000, 0x00000007a3600000, 0x00000007c0000000)
  eden space 199680K, 0% used [0x0000000795580000,0x0000000795580000,0x00000007a1880000)
  from space 10752K, 99% used [0x00000007a2600000,0x00000007a3078d10,0x00000007a3080000)
  to   space 13824K, 0% used [0x00000007a1880000,0x00000007a1880000,0x00000007a2600000)
 ParOldGen       total 52224K, used 18561K [0x0000000740000000, 0x0000000743300000, 0x0000000795580000)
  object space 52224K, 35% used [0x0000000740000000,0x0000000741220668,0x0000000743300000)
 Metaspace       used 28621K, capacity 29106K, committed 29312K, reserved 1075200K
  class space    used 3755K, capacity 3876K, committed 3968K, reserved 1048576K
}
Event: 26.767 GC heap before
{Heap before GC invocations=12 (full 1):
 PSYoungGen      total 210432K, used 210403K [0x0000000795580000, 0x00000007a3600000, 0x00000007c0000000)
  eden space 199680K, 100% used [0x0000000795580000,0x00000007a1880000,0x00000007a1880000)
  from space 10752K, 99% used [0x00000007a2600000,0x00000007a3078d10,0x00000007a3080000)
  to   space 13824K, 0% used [0x00000007a1880000,0x00000007a1880000,0x00000007a2600000)
 ParOldGen       total 52224K, used 18561K [0x0000000740000000, 0x0000000743300000, 0x0000000795580000)
  object space 52224K, 35% used [0x0000000740000000,0x0000000741220668,0x0000000743300000)
 Metaspace       used 33564K, capacity 34144K, committed 34304K, reserved 1079296K
  class space    used 4447K, capacity 4603K, committed 4608K, reserved 1048576K
Event: 26.812 GC heap after
Heap after GC invocations=12 (full 1):
 PSYoungGen      total 213504K, used 11157K [0x0000000795580000, 0x00000007a9a80000, 0x00000007c0000000)
  eden space 199680K, 0% used [0x0000000795580000,0x0000000795580000,0x00000007a1880000)
  from space 13824K, 80% used [0x00000007a1880000,0x00000007a23656b8,0x00000007a2600000)
  to   space 14336K, 0% used [0x00000007a8c80000,0x00000007a8c80000,0x00000007a9a80000)
 ParOldGen       total 52224K, used 29047K [0x0000000740000000, 0x0000000743300000, 0x0000000795580000)
  object space 52224K, 55% used [0x0000000740000000,0x0000000741c5df18,0x0000000743300000)
 Metaspace       used 33564K, capacity 34144K, committed 34304K, reserved 1079296K
  class space    used 4447K, capacity 4603K, committed 4608K, reserved 1048576K
}
Event: 27.067 GC heap before
{Heap before GC invocations=13 (full 1):
 PSYoungGen      total 213504K, used 44011K [0x0000000795580000, 0x00000007a9a80000, 0x00000007c0000000)
  eden space 199680K, 16% used [0x0000000795580000,0x0000000797595600,0x00000007a1880000)
  from space 13824K, 80% used [0x00000007a1880000,0x00000007a23656b8,0x00000007a2600000)
  to   space 14336K, 0% used [0x00000007a8c80000,0x00000007a8c80000,0x00000007a9a80000)
 ParOldGen       total 52224K, used 29047K [0x0000000740000000, 0x0000000743300000, 0x0000000795580000)
  object space 52224K, 55% used [0x0000000740000000,0x0000000741c5df18,0x0000000743300000)
 Metaspace       used 34560K, capacity 35186K, committed 35416K, reserved 1079296K
  class space    used 4589K, capacity 4734K, committed 4736K, reserved 1048576K
Event: 27.079 GC heap after
Heap after GC invocations=13 (full 1):
 PSYoungGen      total 317952K, used 1828K [0x0000000795580000, 0x00000007a9e00000, 0x00000007c0000000)
  eden space 303616K, 0% used [0x0000000795580000,0x0000000795580000,0x00000007a7e00000)
  from space 14336K, 12% used [0x00000007a8c80000,0x00000007a8e490f8,0x00000007a9a80000)
  to   space 14848K, 0% used [0x00000007a7e00000,0x00000007a7e00000,0x00000007a8c80000)
 ParOldGen       total 52224K, used 36623K [0x0000000740000000, 0x0000000743300000, 0x0000000795580000)
  object space 52224K, 70% used [0x0000000740000000,0x00000007423c3f68,0x0000000743300000)
 Metaspace       used 34560K, capacity 35186K, committed 35416K, reserved 1079296K
  class space    used 4589K, capacity 4734K, committed 4736K, reserved 1048576K
}
Event: 27.079 GC heap before
{Heap before GC invocations=14 (full 2):
 PSYoungGen      total 317952K, used 1828K [0x0000000795580000, 0x00000007a9e00000, 0x00000007c0000000)
  eden space 303616K, 0% used [0x0000000795580000,0x0000000795580000,0x00000007a7e00000)
  from space 14336K, 12% used [0x00000007a8c80000,0x00000007a8e490f8,0x00000007a9a80000)
  to   space 14848K, 0% used [0x00000007a7e00000,0x00000007a7e00000,0x00000007a8c80000)
 ParOldGen       total 52224K, used 36623K [0x0000000740000000, 0x0000000743300000, 0x0000000795580000)
  object space 52224K, 70% used [0x0000000740000000,0x00000007423c3f68,0x0000000743300000)
 Metaspace       used 34560K, capacity 35186K, committed 35416K, reserved 1079296K
  class space    used 4589K, capacity 4734K, committed 4736K, reserved 1048576K
Event: 27.236 GC heap after
Heap after GC invocations=14 (full 2):
 PSYoungGen      total 317952K, used 0K [0x0000000795580000, 0x00000007a9e00000, 0x00000007c0000000)
  eden space 303616K, 0% used [0x0000000795580000,0x0000000795580000,0x00000007a7e00000)
  from space 14336K, 0% used [0x00000007a8c80000,0x00000007a8c80000,0x00000007a9a80000)
  to   space 14848K, 0% used [0x00000007a7e00000,0x00000007a7e00000,0x00000007a8c80000)
 ParOldGen       total 93184K, used 29739K [0x0000000740000000, 0x0000000745b00000, 0x0000000795580000)
  object space 93184K, 31% used [0x0000000740000000,0x0000000741d0ada8,0x0000000745b00000)
 Metaspace       used 34560K, capacity 35186K, committed 35416K, reserved 1079296K
  class space    used 4589K, capacity 4734K, committed 4736K, reserved 1048576K
}
Event: 48.965 GC heap before
{Heap before GC invocations=15 (full 2):
 PSYoungGen      total 317952K, used 303603K [0x0000000795580000, 0x00000007a9e00000, 0x00000007c0000000)
  eden space 303616K, 99% used [0x0000000795580000,0x00000007a7dfcfc8,0x00000007a7e00000)
  from space 14336K, 0% used [0x00000007a8c80000,0x00000007a8c80000,0x00000007a9a80000)
  to   space 14848K, 0% used [0x00000007a7e00000,0x00000007a7e00000,0x00000007a8c80000)
 ParOldGen       total 93184K, used 29739K [0x0000000740000000, 0x0000000745b00000, 0x0000000795580000)
  object space 93184K, 31% used [0x0000000740000000,0x0000000741d0ada8,0x0000000745b00000)
 Metaspace       used 45339K, capacity 46480K, committed 46552K, reserved 1089536K
  class space    used 6115K, capacity 6379K, committed 6400K, reserved 1048576K
Event: 48.995 GC heap after
Heap after GC invocations=15 (full 2):
 PSYoungGen      total 318464K, used 11035K [0x0000000795580000, 0x00000007af780000, 0x00000007c0000000)
  eden space 303616K, 0% used [0x0000000795580000,0x0000000795580000,0x00000007a7e00000)
  from space 14848K, 74% used [0x00000007a7e00000,0x00000007a88c6ef0,0x00000007a8c80000)
  to   space 15360K, 0% used [0x00000007ae880000,0x00000007ae880000,0x00000007af780000)
 ParOldGen       total 93184K, used 29747K [0x0000000740000000, 0x0000000745b00000, 0x0000000795580000)
  object space 93184K, 31% used [0x0000000740000000,0x0000000741d0cda8,0x0000000745b00000)
 Metaspace       used 45339K, capacity 46480K, committed 46552K, reserved 1089536K
  class space    used 6115K, capacity 6379K, committed 6400K, reserved 1048576K
}

